\BOOKMARK [0][-]{chapter*.2}{\376\377\004\040\004\025\004\044\004\025\004\040\004\020\004\042}{}% 1
\BOOKMARK [0][-]{chapter*.3}{\376\377\004\040\004\055\004\044\004\025\004\040\004\020\004\042}{}% 2
\BOOKMARK [0][-]{chapter*.4}{\376\377\000A\000B\000S\000T\000R\000A\000C\000T}{}% 3
\BOOKMARK [0][-]{chapter*.5}{\376\377\004\022\004\022\004\025\004\024\004\025\004\035\004\030\004\025}{}% 4
\BOOKMARK [0][-]{chapter.1}{\376\377\004\036\004\077\004\070\004\101\004\060\004\075\004\070\004\065\000\040\004\070\004\063\004\100\004\113\000\040\004\070\000\040\004\106\004\065\004\073\004\065\004\062\004\060\004\117\000\040\004\067\004\060\004\064\004\060\004\107\004\060}{}% 5
\BOOKMARK [1][-]{section.1.1}{\376\377\004\037\004\100\004\060\004\062\004\070\004\073\004\060\000\040\004\070\000\040\004\076\004\101\004\076\004\061\004\065\004\075\004\075\004\076\004\101\004\102\004\070\000\040\004\070\004\063\004\100\004\113\000\040\004\032\004\060\004\100\004\072\004\060\004\101\004\101\004\076\004\075}{chapter.1}% 6
\BOOKMARK [1][-]{section.1.2}{\376\377\004\037\004\100\004\076\004\061\004\073\004\065\004\074\004\060\004\102\004\070\004\072\004\060\000\040\004\060\004\073\004\063\004\076\004\100\004\070\004\102\004\074\004\070\004\107\004\065\004\101\004\072\004\076\004\063\004\076\000\040\004\100\004\065\004\110\004\065\004\075\004\070\004\117}{chapter.1}% 7
\BOOKMARK [0][-]{chapter.2}{\376\377\004\034\004\060\004\102\004\065\004\074\004\060\004\102\004\070\004\107\004\065\004\101\004\072\004\060\004\117\000\040\004\074\004\076\004\064\004\065\004\073\004\114\000\040\004\070\004\063\004\100\004\113}{}% 8
\BOOKMARK [1][-]{section.2.1}{\376\377\004\044\004\076\004\100\004\074\004\060\004\073\004\070\004\067\004\060\004\106\004\070\004\117\000\040\004\070\004\063\004\100\004\076\004\062\004\113\004\105\000\040\004\076\004\061\004\112\004\065\004\072\004\102\004\076\004\062\000\040\004\070\000\040\004\077\004\100\004\060\004\062\004\070\004\073}{chapter.2}% 9
\BOOKMARK [2][-]{subsection.2.1.1}{\376\377\004\042\004\060\004\071\004\073\000\040\004\072\004\060\004\072\000\040\004\070\004\075\004\104\004\076\004\100\004\074\004\060\004\106\004\070\004\076\004\075\004\075\004\113\004\071\000\040\004\076\004\061\004\112\004\065\004\072\004\102}{section.2.1}% 10
\BOOKMARK [2][-]{subsection.2.1.2}{\376\377\004\023\004\100\004\060\004\104\004\076\004\062\004\076\004\065\000\040\004\077\004\100\004\065\004\064\004\101\004\102\004\060\004\062\004\073\004\065\004\075\004\070\004\065\000\040\004\070\004\063\004\100\004\076\004\062\004\076\004\063\004\076\000\040\004\077\004\076\004\073\004\117}{section.2.1}% 11
\BOOKMARK [1][-]{section.2.2}{\376\377\004\020\004\073\004\063\004\076\004\100\004\070\004\102\004\074\004\070\004\107\004\065\004\101\004\072\004\060\004\117\000\040\004\100\004\065\004\060\004\073\004\070\004\067\004\060\004\106\004\070\004\117\000\040\004\101\004\062\004\117\004\067\004\075\004\076\004\101\004\102\004\070}{chapter.2}% 12
\BOOKMARK [2][-]{subsection.2.2.1}{\376\377\004\030\004\101\004\077\004\076\004\073\004\114\004\067\004\076\004\062\004\060\004\075\004\070\004\065\000\040\004\101\004\070\004\101\004\102\004\065\004\074\004\113\000\040\004\075\004\065\004\077\004\065\004\100\004\065\004\101\004\065\004\072\004\060\004\116\004\111\004\070\004\105\004\101\004\117\000\040\004\074\004\075\004\076\004\066\004\065\004\101\004\102\004\062\000\040\000\050\000D\000S\000U\000\051}{section.2.2}% 13
\BOOKMARK [0][-]{chapter.3}{\376\377\004\040\004\060\004\067\004\100\004\060\004\061\004\076\004\102\004\072\004\060\000\040\004\063\004\070\004\061\004\100\004\070\004\064\004\075\004\076\004\063\004\076\000\040\004\060\004\073\004\063\004\076\004\100\004\070\004\102\004\074\004\060\000\040\004\076\004\077\004\102\004\070\004\074\004\070\004\067\004\060\004\106\004\070\004\070}{}% 14
\BOOKMARK [1][-]{section.3.1}{\376\377\004\020\004\100\004\105\004\070\004\102\004\065\004\072\004\102\004\103\004\100\004\075\004\076\004\065\000\040\004\100\004\060\004\067\004\064\004\065\004\073\004\065\004\075\004\070\004\065\000\040\004\101\004\073\004\076\004\065\004\062}{chapter.3}% 15
\BOOKMARK [2][-]{subsection.3.1.1}{\376\377\004\033\004\076\004\063\004\070\004\107\004\065\004\101\004\072\004\070\004\071\000\040\004\103\004\100\004\076\004\062\004\065\004\075\004\114\000\040\000\050\000L\000o\000g\000i\000c\000\040\000L\000a\000y\000e\000r\000\051}{section.3.1}% 16
\BOOKMARK [2][-]{subsection.3.1.2}{\376\377\004\041\004\102\004\100\004\060\004\102\004\065\004\063\004\070\004\107\004\065\004\101\004\072\004\070\004\071\000\040\004\103\004\100\004\076\004\062\004\065\004\075\004\114\000\040\000\050\000S\000t\000r\000a\000t\000e\000g\000y\000\040\000L\000a\000y\000e\000r\000\051}{section.3.1}% 17
\BOOKMARK [1][-]{section.3.2}{\376\377\004\040\004\065\004\060\004\073\004\070\004\067\004\060\004\106\004\070\004\117\000\040\000M\000o\000d\000e\000l\000\040\000C\000o\000n\000t\000e\000x\000t\000\040\000P\000r\000o\000t\000o\000c\000o\000l\000\040\000\050\000M\000C\000P\000\051}{chapter.3}% 18
\BOOKMARK [2][-]{subsection.3.2.1}{\376\377\004\032\004\076\004\074\004\077\004\076\004\075\004\065\004\075\004\102\004\113\000\040\000M\000C\000P\000-\004\101\004\065\004\100\004\062\004\065\004\100\004\060}{section.3.2}% 19
\BOOKMARK [1][-]{section.3.3}{\376\377\004\030\004\075\004\102\004\065\004\063\004\100\004\060\004\106\004\070\004\117\000\040\000L\000L\000M\000\040\004\070\000\040\004\115\004\062\004\100\004\070\004\101\004\102\004\070\004\072\004\070}{chapter.3}% 20
\BOOKMARK [2][-]{subsection.3.3.1}{\376\377\004\034\004\065\004\102\004\076\004\064\004\076\004\073\004\076\004\063\004\070\004\117\000\040\000T\000r\000e\000e\000\040\000o\000f\000\040\000T\000h\000o\000u\000g\000h\000t\000s\000\040\000\050\000T\000o\000T\000\051}{section.3.3}% 21
\BOOKMARK [2][-]{subsection.3.3.2}{\376\377\004\022\004\065\004\100\004\061\004\060\004\073\004\114\004\075\004\076\004\065\000\040\004\077\004\076\004\064\004\072\004\100\004\065\004\077\004\073\004\065\004\075\004\070\004\065\000\040\004\107\004\065\004\100\004\065\004\067\000\040\000R\000e\000f\000l\000e\000x\000i\000o\000n}{section.3.3}% 22
\BOOKMARK [1][-]{section.3.4}{\376\377\004\023\004\070\004\061\004\100\004\070\004\064\004\075\004\113\004\071\000\040\004\077\004\076\004\070\004\101\004\072\000\040\004\070\000\040\004\076\004\077\004\102\004\070\004\074\004\070\004\067\004\060\004\106\004\070\004\117}{chapter.3}% 23
\BOOKMARK [0][-]{chapter*.9}{\376\377\004\027\004\020\004\032\004\033\004\056\004\047\004\025\004\035\004\030\004\025}{}% 24
\BOOKMARK [0][-]{chapter*.10}{\376\377\004\041\004\037\004\030\004\041\004\036\004\032\000\040\004\030\004\041\004\037\004\036\004\033\004\054\004\027\004\036\004\022\004\020\004\035\004\035\004\036\004\031\000\040\004\033\004\030\004\042\004\025\004\040\004\020\004\042\004\043\004\040\004\053}{}% 25
\BOOKMARK [0][-]{chapter*.11}{\376\377\004\037\004\040\004\030\004\033\004\036\004\026\004\025\004\035\004\030\004\025\000\040\004\020}{}% 26
